Starting evaluation of experiment LSTM-AD-skab-valve1_9-68475eda2a5c3cb0de12f7a3dee4bd2b-1
=============================================

Performing training for SEMI_SUPERVISED algorithm LSTM-AD
Running container 'ghcr.io/timeeval/lstm_ad:0.3.0' with env='{}' in ExecutionType.TRAIN mode.
Restricting container to 24.0 CPUs and 14.715 GB RAM

#### Docker container logs ####
/usr/local/lib/python3.7/site-packages/torch/autograd/__init__.py:132: UserWarning: CUDA initialization: Found no NVIDIA driver on your system. Please check that you have an NVIDIA GPU and installed a driver from http://www.nvidia.com/Download/index.aspx (Triggered internally at  /pytorch/c10/cuda/CUDAFunctions.cpp:100.)
  allow_unreachable=True)  # allow_unreachable flag
INFO:LSTM-AD:Epoch 0: Training Loss 6545.381111838601 	 Validation Loss 3383.7785034179688
INFO:LSTM-AD:Epoch 1: Training Loss 2052.1211658824573 	 Validation Loss 1159.4409484863281
INFO:LSTM-AD:Epoch 2: Training Loss 702.2933870951334 	 Validation Loss 385.9483528137207
INFO:LSTM-AD:Epoch 3: Training Loss 223.46056808124888 	 Validation Loss 119.65711402893066
INFO:LSTM-AD:Epoch 4: Training Loss 70.52373711268108 	 Validation Loss 45.437241554260254
INFO:LSTM-AD:Epoch 5: Training Loss 32.42085864327171 	 Validation Loss 30.005139589309692
INFO:LSTM-AD:Epoch 6: Training Loss 25.4633083524126 	 Validation Loss 27.68764054775238
INFO:LSTM-AD:Epoch 7: Training Loss 24.563153517968725 	 Validation Loss 27.432517886161804
INFO:LSTM-AD:Epoch 8: Training Loss 24.474866785786368 	 Validation Loss 27.40845251083374
INFO:LSTM-AD:Epoch 9: Training Loss 24.456853331941545 	 Validation Loss 27.405757188796997

###############################

Performing execution for SEMI_SUPERVISED algorithm LSTM-AD
Running container 'ghcr.io/timeeval/lstm_ad:0.3.0' with env='{}' in ExecutionType.EXECUTE mode.
Restricting container to 24.0 CPUs and 14.715 GB RAM

#### Docker container logs ####

###############################

Scoring algorithm LSTM-AD with ROC_AUC metrics
Calculating ROC_AUC
  = 0.7498065970416016
