Starting evaluation of experiment EncDec-AD-skab-other_22-68475eda2a5c3cb0de12f7a3dee4bd2b-1
=============================================

Performing training for SEMI_SUPERVISED algorithm EncDec-AD
Running container 'ghcr.io/timeeval/encdec_ad:0.3.0' with env='{}' in ExecutionType.TRAIN mode.
Restricting container to 24.0 CPUs and 14.715 GB RAM

#### Docker container logs ####
/usr/local/lib/python3.7/site-packages/torch/autograd/__init__.py:132: UserWarning: CUDA initialization: Found no NVIDIA driver on your system. Please check that you have an NVIDIA GPU and installed a driver from http://www.nvidia.com/Download/index.aspx (Triggered internally at  /pytorch/c10/cuda/CUDAFunctions.cpp:100.)
  allow_unreachable=True)  # allow_unreachable flag
INFO:EncDec-AD:Epoch 0: Training Loss 9115.024777952709 	 Validation Loss 8647.482700892857
INFO:EncDec-AD:Epoch 1: Training Loss 7820.981926167419 	 Validation Loss 7130.145368303572
INFO:EncDec-AD:Epoch 2: Training Loss 6581.823065812144 	 Validation Loss 6088.909598214285
INFO:EncDec-AD:Epoch 3: Training Loss 5595.710983914568 	 Validation Loss 5216.526994977678
INFO:EncDec-AD:Epoch 4: Training Loss 4775.776443307391 	 Validation Loss 4503.425362723215
INFO:EncDec-AD:Epoch 5: Training Loss 4120.927497660706 	 Validation Loss 3881.5277273995534
INFO:EncDec-AD:Epoch 6: Training Loss 3556.9411983127375 	 Validation Loss 3354.3429129464284
INFO:EncDec-AD:Epoch 7: Training Loss 3066.1612274982176 	 Validation Loss 2894.4719587053573
INFO:EncDec-AD:Epoch 8: Training Loss 2637.724663215898 	 Validation Loss 2490.8411690848216
INFO:EncDec-AD:Epoch 9: Training Loss 2262.187810049311 	 Validation Loss 2138.488106863839

###############################

Performing execution for SEMI_SUPERVISED algorithm EncDec-AD
Running container 'ghcr.io/timeeval/encdec_ad:0.3.0' with env='{}' in ExecutionType.EXECUTE mode.
Restricting container to 24.0 CPUs and 14.715 GB RAM

#### Docker container logs ####

###############################

Scoring algorithm EncDec-AD with ROC_AUC metrics
Calculating ROC_AUC
  = 0.3842701108187834
